<?xml version="1.0" encoding="UTF-8"?>
<!-- Generated by org.testng.reporters.JUnitReportReporter -->
<testsuite hostname="P5-508SC8Q" name="Test.Demo1" tests="1" failures="0" timestamp="25 May 2018 06:16:01 GMT" time="0.030" errors="0">
  <testcase name="add" time="0.030" classname="Test.Demo1"/>
</testsuite> <!-- Test.Demo1 -->
